# JRE version: OpenJDK Runtime Environment (8.0_112-b06) (build 1.8.0_112-release-b06)
# Java VM: OpenJDK 64-Bit Server VM (25.112-b06 mixed mode windows-amd64 compressed oops)
Heap:
 PSYoungGen      total 40960K, used 18140K [0x00000000eab00000, 0x00000000eea80000, 0x0000000100000000)
  eden space 31744K, 57% used [0x00000000eab00000,0x00000000ebcb7388,0x00000000eca00000)
  from space 9216K, 0% used [0x00000000eca00000,0x00000000eca00000,0x00000000ed300000)
  to   space 9216K, 0% used [0x00000000ee180000,0x00000000ee180000,0x00000000eea80000)
 ParOldGen       total 54784K, used 14952K [0x00000000c0000000, 0x00000000c3580000, 0x00000000eab00000)
  object space 54784K, 27% used [0x00000000c0000000,0x00000000c0e9a0c8,0x00000000c3580000)
 Metaspace       used 34793K, capacity 35532K, committed 35672K, reserved 1079296K
  class space    used 4686K, capacity 4887K, committed 4952K, reserved 1048576K
GC Heap History (10 events):
Event: 22.239 GC heap before
{Heap before GC invocations=11 (full 1):
 PSYoungGen      total 27136K, used 26975K [0x00000000eab00000, 0x00000000ed280000, 0x0000000100000000)
  eden space 22016K, 100% used [0x00000000eab00000,0x00000000ec080000,0x00000000ec080000)
  from space 5120K, 96% used [0x00000000ec100000,0x00000000ec5d7c88,0x00000000ec600000)
  to   space 9216K, 0% used [0x00000000ec980000,0x00000000ec980000,0x00000000ed280000)
 ParOldGen       total 38912K, used 10373K [0x00000000c0000000, 0x00000000c2600000, 0x00000000eab00000)
  object space 38912K, 26% used [0x00000000c0000000,0x00000000c0a21510,0x00000000c2600000)
 Metaspace       used 29727K, capacity 30300K, committed 30464K, reserved 1075200K
  class space    used 4073K, capacity 4246K, committed 4352K, reserved 1048576K
Event: 22.283 GC heap after
Heap after GC invocations=11 (full 1):
 PSYoungGen      total 30720K, used 1488K [0x00000000eab00000, 0x00000000ede00000, 0x0000000100000000)
  eden space 21504K, 0% used [0x00000000eab00000,0x00000000eab00000,0x00000000ec000000)
  from space 9216K, 16% used [0x00000000ec980000,0x00000000ecaf4020,0x00000000ed280000)
  to   space 9728K, 0% used [0x00000000ec000000,0x00000000ec000000,0x00000000ec980000)
 ParOldGen       total 38912K, used 13201K [0x00000000c0000000, 0x00000000c2600000, 0x00000000eab00000)
  object space 38912K, 33% used [0x00000000c0000000,0x00000000c0ce4540,0x00000000c2600000)
 Metaspace       used 29727K, capacity 30300K, committed 30464K, reserved 1075200K
  class space    used 4073K, capacity 4246K, committed 4352K, reserved 1048576K
}
Event: 24.988 GC heap before
{Heap before GC invocations=12 (full 1):
 PSYoungGen      total 30720K, used 22992K [0x00000000eab00000, 0x00000000ede00000, 0x0000000100000000)
  eden space 21504K, 100% used [0x00000000eab00000,0x00000000ec000000,0x00000000ec000000)
  from space 9216K, 16% used [0x00000000ec980000,0x00000000ecaf4020,0x00000000ed280000)
  to   space 9728K, 0% used [0x00000000ec000000,0x00000000ec000000,0x00000000ec980000)
 ParOldGen       total 38912K, used 13201K [0x00000000c0000000, 0x00000000c2600000, 0x00000000eab00000)
  object space 38912K, 33% used [0x00000000c0000000,0x00000000c0ce4540,0x00000000c2600000)
 Metaspace       used 30009K, capacity 30578K, committed 30720K, reserved 1075200K
  class space    used 4096K, capacity 4252K, committed 4352K, reserved 1048576K
Event: 24.995 GC heap after
Heap after GC invocations=12 (full 1):
 PSYoungGen      total 31232K, used 832K [0x00000000eab00000, 0x00000000edd00000, 0x0000000100000000)
  eden space 21504K, 0% used [0x00000000eab00000,0x00000000eab00000,0x00000000ec000000)
  from space 9728K, 8% used [0x00000000ec000000,0x00000000ec0d0000,0x00000000ec980000)
  to   space 9728K, 0% used [0x00000000ed380000,0x00000000ed380000,0x00000000edd00000)
 ParOldGen       total 38912K, used 14337K [0x00000000c0000000, 0x00000000c2600000, 0x00000000eab00000)
  object space 38912K, 36% used [0x00000000c0000000,0x00000000c0e00560,0x00000000c2600000)
 Metaspace       used 30009K, capacity 30578K, committed 30720K, reserved 1075200K
  class space    used 4096K, capacity 4252K, committed 4352K, reserved 1048576K
}
Event: 25.668 GC heap before
{Heap before GC invocations=13 (full 1):
 PSYoungGen      total 31232K, used 22336K [0x00000000eab00000, 0x00000000edd00000, 0x0000000100000000)
  eden space 21504K, 100% used [0x00000000eab00000,0x00000000ec000000,0x00000000ec000000)
  from space 9728K, 8% used [0x00000000ec000000,0x00000000ec0d0000,0x00000000ec980000)
  to   space 9728K, 0% used [0x00000000ed380000,0x00000000ed380000,0x00000000edd00000)
 ParOldGen       total 38912K, used 14337K [0x00000000c0000000, 0x00000000c2600000, 0x00000000eab00000)
  object space 38912K, 36% used [0x00000000c0000000,0x00000000c0e00560,0x00000000c2600000)
 Metaspace       used 32882K, capacity 33590K, committed 33920K, reserved 1079296K
  class space    used 4453K, capacity 4642K, committed 4736K, reserved 1048576K
Event: 25.674 GC heap after
Heap after GC invocations=13 (full 1):
 PSYoungGen      total 40448K, used 3320K [0x00000000eab00000, 0x00000000edc00000, 0x0000000100000000)
  eden space 31744K, 0% used [0x00000000eab00000,0x00000000eab00000,0x00000000eca00000)
  from space 8704K, 38% used [0x00000000ed380000,0x00000000ed6be3c0,0x00000000edc00000)
  to   space 9216K, 0% used [0x00000000eca00000,0x00000000eca00000,0x00000000ed300000)
 ParOldGen       total 38912K, used 14933K [0x00000000c0000000, 0x00000000c2600000, 0x00000000eab00000)
  object space 38912K, 38% used [0x00000000c0000000,0x00000000c0e95580,0x00000000c2600000)
 Metaspace       used 32882K, capacity 33590K, committed 33920K, reserved 1079296K
  class space    used 4453K, capacity 4642K, committed 4736K, reserved 1048576K
}
Event: 26.210 GC heap before
{Heap before GC invocations=14 (full 1):
 PSYoungGen      total 40448K, used 18357K [0x00000000eab00000, 0x00000000edc00000, 0x0000000100000000)
  eden space 31744K, 47% used [0x00000000eab00000,0x00000000eb9af128,0x00000000eca00000)
  from space 8704K, 38% used [0x00000000ed380000,0x00000000ed6be3c0,0x00000000edc00000)
  to   space 9216K, 0% used [0x00000000eca00000,0x00000000eca00000,0x00000000ed300000)
 ParOldGen       total 38912K, used 14933K [0x00000000c0000000, 0x00000000c2600000, 0x00000000eab00000)
  object space 38912K, 38% used [0x00000000c0000000,0x00000000c0e95580,0x00000000c2600000)
 Metaspace       used 34515K, capacity 35270K, committed 35416K, reserved 1079296K
  class space    used 4662K, capacity 4886K, committed 4952K, reserved 1048576K
Event: 26.214 GC heap after
Heap after GC invocations=14 (full 1):
 PSYoungGen      total 40960K, used 1845K [0x00000000eab00000, 0x00000000eea80000, 0x0000000100000000)
  eden space 31744K, 0% used [0x00000000eab00000,0x00000000eab00000,0x00000000eca00000)
  from space 9216K, 20% used [0x00000000eca00000,0x00000000ecbcd720,0x00000000ed300000)
  to   space 9216K, 0% used [0x00000000ee180000,0x00000000ee180000,0x00000000eea80000)
 ParOldGen       total 38912K, used 16273K [0x00000000c0000000, 0x00000000c2600000, 0x00000000eab00000)
  object space 38912K, 41% used [0x00000000c0000000,0x00000000c0fe4590,0x00000000c2600000)
 Metaspace       used 34515K, capacity 35270K, committed 35416K, reserved 1079296K
  class space    used 4662K, capacity 4886K, committed 4952K, reserved 1048576K
}
Event: 26.214 GC heap before
{Heap before GC invocations=15 (full 2):
 PSYoungGen      total 40960K, used 1845K [0x00000000eab00000, 0x00000000eea80000, 0x0000000100000000)
  eden space 31744K, 0% used [0x00000000eab00000,0x00000000eab00000,0x00000000eca00000)
  from space 9216K, 20% used [0x00000000eca00000,0x00000000ecbcd720,0x00000000ed300000)
  to   space 9216K, 0% used [0x00000000ee180000,0x00000000ee180000,0x00000000eea80000)
 ParOldGen       total 38912K, used 16273K [0x00000000c0000000, 0x00000000c2600000, 0x00000000eab00000)
  object space 38912K, 41% used [0x00000000c0000000,0x00000000c0fe4590,0x00000000c2600000)
 Metaspace       used 34515K, capacity 35270K, committed 35416K, reserved 1079296K
  class space    used 4662K, capacity 4886K, committed 4952K, reserved 1048576K
Event: 26.324 GC heap after
Heap after GC invocations=15 (full 2):
 PSYoungGen      total 40960K, used 0K [0x00000000eab00000, 0x00000000eea80000, 0x0000000100000000)
  eden space 31744K, 0% used [0x00000000eab00000,0x00000000eab00000,0x00000000eca00000)
  from space 9216K, 0% used [0x00000000eca00000,0x00000000eca00000,0x00000000ed300000)
  to   space 9216K, 0% used [0x00000000ee180000,0x00000000ee180000,0x00000000eea80000)
 ParOldGen       total 54784K, used 14952K [0x00000000c0000000, 0x00000000c3580000, 0x00000000eab00000)
  object space 54784K, 27% used [0x00000000c0000000,0x00000000c0e9a0c8,0x00000000c3580000)
 Metaspace       used 34515K, capacity 35270K, committed 35416K, reserved 1079296K
  class space    used 4662K, capacity 4886K, committed 4952K, reserved 1048576K
}

