# JRE version: OpenJDK Runtime Environment (8.0_112-b06) (build 1.8.0_112-release-b06)
# Java VM: OpenJDK 64-Bit Server VM (25.112-b06 mixed mode windows-amd64 compressed oops)
Heap:
 PSYoungGen      total 53248K, used 51544K [0x00000000eab00000, 0x00000000ee300000, 0x0000000100000000)
  eden space 49152K, 96% used [0x00000000eab00000,0x00000000ed95e0f0,0x00000000edb00000)
  from space 4096K, 99% used [0x00000000edf00000,0x00000000ee2f8010,0x00000000ee300000)
  to   space 4096K, 0% used [0x00000000edb00000,0x00000000edb00000,0x00000000edf00000)
 ParOldGen       total 52736K, used 15089K [0x00000000c0000000, 0x00000000c3380000, 0x00000000eab00000)
  object space 52736K, 28% used [0x00000000c0000000,0x00000000c0ebc628,0x00000000c3380000)
 Metaspace       used 30259K, capacity 30904K, committed 30976K, reserved 1075200K
  class space    used 4142K, capacity 4317K, committed 4352K, reserved 1048576K
GC Heap History (10 events):
Event: 3.140 GC heap before
{Heap before GC invocations=3 (full 0):
 PSYoungGen      total 53248K, used 52913K [0x00000000eab00000, 0x00000000ee300000, 0x0000000100000000)
  eden space 49152K, 100% used [0x00000000eab00000,0x00000000edb00000,0x00000000edb00000)
  from space 4096K, 91% used [0x00000000edf00000,0x00000000ee2ac6a0,0x00000000ee300000)
  to   space 4096K, 0% used [0x00000000edb00000,0x00000000edb00000,0x00000000edf00000)
 ParOldGen       total 65536K, used 16K [0x00000000c0000000, 0x00000000c4000000, 0x00000000eab00000)
  object space 65536K, 0% used [0x00000000c0000000,0x00000000c0004000,0x00000000c4000000)
 Metaspace       used 16271K, capacity 16718K, committed 16768K, reserved 1062912K
  class space    used 2264K, capacity 2400K, committed 2432K, reserved 1048576K
Event: 3.171 GC heap after
Heap after GC invocations=3 (full 0):
 PSYoungGen      total 53248K, used 4096K [0x00000000eab00000, 0x00000000ee300000, 0x0000000100000000)
  eden space 49152K, 0% used [0x00000000eab00000,0x00000000eab00000,0x00000000edb00000)
  from space 4096K, 100% used [0x00000000edb00000,0x00000000edf00000,0x00000000edf00000)
  to   space 4096K, 0% used [0x00000000edf00000,0x00000000edf00000,0x00000000ee300000)
 ParOldGen       total 65536K, used 4682K [0x00000000c0000000, 0x00000000c4000000, 0x00000000eab00000)
  object space 65536K, 7% used [0x00000000c0000000,0x00000000c0492830,0x00000000c4000000)
 Metaspace       used 16271K, capacity 16718K, committed 16768K, reserved 1062912K
  class space    used 2264K, capacity 2400K, committed 2432K, reserved 1048576K
}
Event: 3.846 GC heap before
{Heap before GC invocations=4 (full 0):
 PSYoungGen      total 53248K, used 28609K [0x00000000eab00000, 0x00000000ee300000, 0x0000000100000000)
  eden space 49152K, 49% used [0x00000000eab00000,0x00000000ec2f0570,0x00000000edb00000)
  from space 4096K, 100% used [0x00000000edb00000,0x00000000edf00000,0x00000000edf00000)
  to   space 4096K, 0% used [0x00000000edf00000,0x00000000edf00000,0x00000000ee300000)
 ParOldGen       total 65536K, used 4682K [0x00000000c0000000, 0x00000000c4000000, 0x00000000eab00000)
  object space 65536K, 7% used [0x00000000c0000000,0x00000000c0492830,0x00000000c4000000)
 Metaspace       used 20706K, capacity 21114K, committed 21248K, reserved 1067008K
  class space    used 2799K, capacity 2948K, committed 3072K, reserved 1048576K
Event: 3.859 GC heap after
Heap after GC invocations=4 (full 0):
 PSYoungGen      total 53248K, used 4075K [0x00000000eab00000, 0x00000000ee300000, 0x0000000100000000)
  eden space 49152K, 0% used [0x00000000eab00000,0x00000000eab00000,0x00000000edb00000)
  from space 4096K, 99% used [0x00000000edf00000,0x00000000ee2fafe0,0x00000000ee300000)
  to   space 4096K, 0% used [0x00000000edb00000,0x00000000edb00000,0x00000000edf00000)
 ParOldGen       total 65536K, used 9786K [0x00000000c0000000, 0x00000000c4000000, 0x00000000eab00000)
  object space 65536K, 14% used [0x00000000c0000000,0x00000000c098e8a8,0x00000000c4000000)
 Metaspace       used 20706K, capacity 21114K, committed 21248K, reserved 1067008K
  class space    used 2799K, capacity 2948K, committed 3072K, reserved 1048576K
}
Event: 3.859 GC heap before
{Heap before GC invocations=5 (full 1):
 PSYoungGen      total 53248K, used 4075K [0x00000000eab00000, 0x00000000ee300000, 0x0000000100000000)
  eden space 49152K, 0% used [0x00000000eab00000,0x00000000eab00000,0x00000000edb00000)
  from space 4096K, 99% used [0x00000000edf00000,0x00000000ee2fafe0,0x00000000ee300000)
  to   space 4096K, 0% used [0x00000000edb00000,0x00000000edb00000,0x00000000edf00000)
 ParOldGen       total 65536K, used 9786K [0x00000000c0000000, 0x00000000c4000000, 0x00000000eab00000)
  object space 65536K, 14% used [0x00000000c0000000,0x00000000c098e8a8,0x00000000c4000000)
 Metaspace       used 20706K, capacity 21114K, committed 21248K, reserved 1067008K
  class space    used 2799K, capacity 2948K, committed 3072K, reserved 1048576K
Event: 3.916 GC heap after
Heap after GC invocations=5 (full 1):
 PSYoungGen      total 53248K, used 0K [0x00000000eab00000, 0x00000000ee300000, 0x0000000100000000)
  eden space 49152K, 0% used [0x00000000eab00000,0x00000000eab00000,0x00000000edb00000)
  from space 4096K, 0% used [0x00000000edf00000,0x00000000edf00000,0x00000000ee300000)
  to   space 4096K, 0% used [0x00000000edb00000,0x00000000edb00000,0x00000000edf00000)
 ParOldGen       total 52736K, used 9506K [0x00000000c0000000, 0x00000000c3380000, 0x00000000eab00000)
  object space 52736K, 18% used [0x00000000c0000000,0x00000000c09489e0,0x00000000c3380000)
 Metaspace       used 20706K, capacity 21114K, committed 21248K, reserved 1067008K
  class space    used 2799K, capacity 2948K, committed 3072K, reserved 1048576K
}
Event: 5.387 GC heap before
{Heap before GC invocations=6 (full 1):
 PSYoungGen      total 53248K, used 49152K [0x00000000eab00000, 0x00000000ee300000, 0x0000000100000000)
  eden space 49152K, 100% used [0x00000000eab00000,0x00000000edb00000,0x00000000edb00000)
  from space 4096K, 0% used [0x00000000edf00000,0x00000000edf00000,0x00000000ee300000)
  to   space 4096K, 0% used [0x00000000edb00000,0x00000000edb00000,0x00000000edf00000)
 ParOldGen       total 52736K, used 9506K [0x00000000c0000000, 0x00000000c3380000, 0x00000000eab00000)
  object space 52736K, 18% used [0x00000000c0000000,0x00000000c09489e0,0x00000000c3380000)
 Metaspace       used 24686K, capacity 25136K, committed 25344K, reserved 1071104K
  class space    used 3360K, capacity 3491K, committed 3584K, reserved 1048576K
Event: 5.394 GC heap after
Heap after GC invocations=6 (full 1):
 PSYoungGen      total 53248K, used 4067K [0x00000000eab00000, 0x00000000ee300000, 0x0000000100000000)
  eden space 49152K, 0% used [0x00000000eab00000,0x00000000eab00000,0x00000000edb00000)
  from space 4096K, 99% used [0x00000000edb00000,0x00000000edef8e20,0x00000000edf00000)
  to   space 4096K, 0% used [0x00000000edf00000,0x00000000edf00000,0x00000000ee300000)
 ParOldGen       total 52736K, used 10864K [0x00000000c0000000, 0x00000000c3380000, 0x00000000eab00000)
  object space 52736K, 20% used [0x00000000c0000000,0x00000000c0a9c140,0x00000000c3380000)
 Metaspace       used 24686K, capacity 25136K, committed 25344K, reserved 1071104K
  class space    used 3360K, capacity 3491K, committed 3584K, reserved 1048576K
}
Event: 6.372 GC heap before
{Heap before GC invocations=7 (full 1):
 PSYoungGen      total 53248K, used 53219K [0x00000000eab00000, 0x00000000ee300000, 0x0000000100000000)
  eden space 49152K, 100% used [0x00000000eab00000,0x00000000edb00000,0x00000000edb00000)
  from space 4096K, 99% used [0x00000000edb00000,0x00000000edef8e20,0x00000000edf00000)
  to   space 4096K, 0% used [0x00000000edf00000,0x00000000edf00000,0x00000000ee300000)
 ParOldGen       total 52736K, used 10864K [0x00000000c0000000, 0x00000000c3380000, 0x00000000eab00000)
  object space 52736K, 20% used [0x00000000c0000000,0x00000000c0a9c140,0x00000000c3380000)
 Metaspace       used 29487K, capacity 30076K, committed 30336K, reserved 1075200K
  class space    used 4066K, capacity 4214K, committed 4224K, reserved 1048576K
Event: 6.384 GC heap after
Heap after GC invocations=7 (full 1):
 PSYoungGen      total 53248K, used 4064K [0x00000000eab00000, 0x00000000ee300000, 0x0000000100000000)
  eden space 49152K, 0% used [0x00000000eab00000,0x00000000eab00000,0x00000000edb00000)
  from space 4096K, 99% used [0x00000000edf00000,0x00000000ee2f8010,0x00000000ee300000)
  to   space 4096K, 0% used [0x00000000edb00000,0x00000000edb00000,0x00000000edf00000)
 ParOldGen       total 52736K, used 15089K [0x00000000c0000000, 0x00000000c3380000, 0x00000000eab00000)
  object space 52736K, 28% used [0x00000000c0000000,0x00000000c0ebc628,0x00000000c3380000)
 Metaspace       used 29487K, capacity 30076K, committed 30336K, reserved 1075200K
  class space    used 4066K, capacity 4214K, committed 4224K, reserved 1048576K
}

